# JRE version: OpenJDK Runtime Environment (8.0_222-b10) (build 1.8.0_222-8u222-b10-1ubuntu1~16.04.1-b10)
# Java VM: OpenJDK 64-Bit Server VM (25.222-b10 mixed mode linux-amd64 compressed oops)
Heap:
 PSYoungGen      total 139264K, used 8082K [0x000000076d400000, 0x0000000776600000, 0x00000007c0000000)
  eden space 129024K, 0% used [0x000000076d400000,0x000000076d400000,0x0000000775200000)
  from space 10240K, 78% used [0x0000000775200000,0x00000007759e4aa0,0x0000000775c00000)
  to   space 10240K, 0% used [0x0000000775c00000,0x0000000775c00000,0x0000000776600000)
 ParOldGen       total 171008K, used 413K [0x00000006c7c00000, 0x00000006d2300000, 0x000000076d400000)
  object space 171008K, 0% used [0x00000006c7c00000,0x00000006c7c67418,0x00000006d2300000)
 Metaspace       used 20825K, capacity 21018K, committed 21296K, reserved 1067008K
  class space    used 3107K, capacity 3177K, committed 3200K, reserved 1048576K
GC Heap History (5 events):
Event: 2.002 GC heap before
{Heap before GC invocations=1 (full 0):
 PSYoungGen      total 74752K, used 64512K [0x000000076d400000, 0x0000000772700000, 0x00000007c0000000)
  eden space 64512K, 100% used [0x000000076d400000,0x0000000771300000,0x0000000771300000)
  from space 10240K, 0% used [0x0000000771d00000,0x0000000771d00000,0x0000000772700000)
  to   space 10240K, 0% used [0x0000000771300000,0x0000000771300000,0x0000000771d00000)
 ParOldGen       total 171008K, used 0K [0x00000006c7c00000, 0x00000006d2300000, 0x000000076d400000)
  object space 171008K, 0% used [0x00000006c7c00000,0x00000006c7c00000,0x00000006d2300000)
 Metaspace       used 13109K, capacity 13252K, committed 13440K, reserved 1060864K
  class space    used 1872K, capacity 1920K, committed 1920K, reserved 1048576K
Event: 2.066 GC heap after
Heap after GC invocations=1 (full 0):
 PSYoungGen      total 74752K, used 9827K [0x000000076d400000, 0x0000000776600000, 0x00000007c0000000)
  eden space 64512K, 0% used [0x000000076d400000,0x000000076d400000,0x0000000771300000)
  from space 10240K, 95% used [0x0000000771300000,0x0000000771c98f90,0x0000000771d00000)
  to   space 10240K, 0% used [0x0000000775c00000,0x0000000775c00000,0x0000000776600000)
 ParOldGen       total 171008K, used 8K [0x00000006c7c00000, 0x00000006d2300000, 0x000000076d400000)
  object space 171008K, 0% used [0x00000006c7c00000,0x00000006c7c02000,0x00000006d2300000)
 Metaspace       used 13109K, capacity 13252K, committed 13440K, reserved 1060864K
  class space    used 1872K, capacity 1920K, committed 1920K, reserved 1048576K
}
Event: 4.504 GC heap before
{Heap before GC invocations=2 (full 0):
 PSYoungGen      total 74752K, used 74339K [0x000000076d400000, 0x0000000776600000, 0x00000007c0000000)
  eden space 64512K, 100% used [0x000000076d400000,0x0000000771300000,0x0000000771300000)
  from space 10240K, 95% used [0x0000000771300000,0x0000000771c98f90,0x0000000771d00000)
  to   space 10240K, 0% used [0x0000000775c00000,0x0000000775c00000,0x0000000776600000)
 ParOldGen       total 171008K, used 8K [0x00000006c7c00000, 0x00000006d2300000, 0x000000076d400000)
  object space 171008K, 0% used [0x00000006c7c00000,0x00000006c7c02000,0x00000006d2300000)
 Metaspace       used 19277K, capacity 19472K, committed 19712K, reserved 1067008K
  class space    used 2889K, capacity 2946K, committed 3072K, reserved 1048576K
Event: 4.530 GC heap after
Heap after GC invocations=2 (full 0):
 PSYoungGen      total 139264K, used 10225K [0x000000076d400000, 0x0000000776600000, 0x00000007c0000000)
  eden space 129024K, 0% used [0x000000076d400000,0x000000076d400000,0x0000000775200000)
  from space 10240K, 99% used [0x0000000775c00000,0x00000007765fc7b8,0x0000000776600000)
  to   space 10240K, 0% used [0x0000000775200000,0x0000000775200000,0x0000000775c00000)
 ParOldGen       total 171008K, used 405K [0x00000006c7c00000, 0x00000006d2300000, 0x000000076d400000)
  object space 171008K, 0% used [0x00000006c7c00000,0x00000006c7c65418,0x00000006d2300000)
 Metaspace       used 19277K, capacity 19472K, committed 19712K, reserved 1067008K
  class space    used 2889K, capacity 2946K, committed 3072K, reserved 1048576K
}
Event: 6.607 GC heap before
{Heap before GC invocations=3 (full 0):
 PSYoungGen      total 139264K, used 35491K [0x000000076d400000, 0x0000000776600000, 0x00000007c0000000)
  eden space 129024K, 19% used [0x000000076d400000,0x000000076ecac538,0x0000000775200000)
  from space 10240K, 99% used [0x0000000775c00000,0x00000007765fc7b8,0x0000000776600000)
  to   space 10240K, 0% used [0x0000000775200000,0x0000000775200000,0x0000000775c00000)
 ParOldGen       total 171008K, used 405K [0x00000006c7c00000, 0x00000006d2300000, 0x000000076d400000)
  object space 171008K, 0% used [0x00000006c7c00000,0x00000006c7c65418,0x00000006d2300000)
 Metaspace       used 20825K, capacity 21018K, committed 21296K, reserved 1067008K
  class space    used 3107K, capacity 3177K, committed 3200K, reserved 1048576K

