# JRE version: OpenJDK Runtime Environment (8.0_222-b10) (build 1.8.0_222-8u222-b10-1ubuntu1~16.04.1-b10)
# Java VM: OpenJDK 64-Bit Server VM (25.222-b10 mixed mode linux-amd64 compressed oops)
Heap:
 PSYoungGen      total 349696K, used 17895K [0x000000076d400000, 0x0000000787a80000, 0x00000007c0000000)
  eden space 331776K, 0% used [0x000000076d400000,0x000000076d400000,0x0000000781800000)
  from space 17920K, 99% used [0x0000000781800000,0x0000000782979d68,0x0000000782980000)
  to   space 13824K, 0% used [0x0000000782980000,0x0000000782980000,0x0000000783700000)
 ParOldGen       total 137216K, used 18889K [0x00000006c7c00000, 0x00000006d0200000, 0x000000076d400000)
  object space 137216K, 13% used [0x00000006c7c00000,0x00000006c8e72790,0x00000006d0200000)
 Metaspace       used 58271K, capacity 58578K, committed 59028K, reserved 1099776K
  class space    used 7964K, capacity 8089K, committed 8192K, reserved 1048576K
GC Heap History (10 events):
Event: 1.356 GC heap after
Heap after GC invocations=4 (full 1):
 PSYoungGen      total 139264K, used 0K [0x000000076d400000, 0x000000077e400000, 0x00000007c0000000)
  eden space 129024K, 0% used [0x000000076d400000,0x000000076d400000,0x0000000775200000)
  from space 10240K, 0% used [0x0000000775200000,0x0000000775200000,0x0000000775c00000)
  to   space 10240K, 0% used [0x000000077da00000,0x000000077da00000,0x000000077e400000)
 ParOldGen       total 94720K, used 8184K [0x00000006c7c00000, 0x00000006cd880000, 0x000000076d400000)
  object space 94720K, 8% used [0x00000006c7c00000,0x00000006c83fe378,0x00000006cd880000)
 Metaspace       used 20904K, capacity 21038K, committed 21248K, reserved 1067008K
  class space    used 3139K, capacity 3209K, committed 3328K, reserved 1048576K
}
Event: 2.351 GC heap before
{Heap before GC invocations=5 (full 1):
 PSYoungGen      total 139264K, used 129024K [0x000000076d400000, 0x000000077e400000, 0x00000007c0000000)
  eden space 129024K, 100% used [0x000000076d400000,0x0000000775200000,0x0000000775200000)
  from space 10240K, 0% used [0x0000000775200000,0x0000000775200000,0x0000000775c00000)
  to   space 10240K, 0% used [0x000000077da00000,0x000000077da00000,0x000000077e400000)
 ParOldGen       total 94720K, used 8184K [0x00000006c7c00000, 0x00000006cd880000, 0x000000076d400000)
  object space 94720K, 8% used [0x00000006c7c00000,0x00000006c83fe378,0x00000006cd880000)
 Metaspace       used 32939K, capacity 33192K, committed 33536K, reserved 1077248K
  class space    used 4625K, capacity 4750K, committed 4864K, reserved 1048576K
Event: 2.359 GC heap after
Heap after GC invocations=5 (full 1):
 PSYoungGen      total 219136K, used 10221K [0x000000076d400000, 0x000000077e400000, 0x00000007c0000000)
  eden space 208896K, 0% used [0x000000076d400000,0x000000076d400000,0x000000077a000000)
  from space 10240K, 99% used [0x000000077da00000,0x000000077e3fb518,0x000000077e400000)
  to   space 10240K, 0% used [0x000000077d000000,0x000000077d000000,0x000000077da00000)
 ParOldGen       total 94720K, used 10501K [0x00000006c7c00000, 0x00000006cd880000, 0x000000076d400000)
  object space 94720K, 11% used [0x00000006c7c00000,0x00000006c86414f8,0x00000006cd880000)
 Metaspace       used 32939K, capacity 33192K, committed 33536K, reserved 1077248K
  class space    used 4625K, capacity 4750K, committed 4864K, reserved 1048576K
}
Event: 2.511 GC heap before
{Heap before GC invocations=6 (full 1):
 PSYoungGen      total 219136K, used 38359K [0x000000076d400000, 0x000000077e400000, 0x00000007c0000000)
  eden space 208896K, 13% used [0x000000076d400000,0x000000076ef7a768,0x000000077a000000)
  from space 10240K, 99% used [0x000000077da00000,0x000000077e3fb518,0x000000077e400000)
  to   space 10240K, 0% used [0x000000077d000000,0x000000077d000000,0x000000077da00000)
 ParOldGen       total 94720K, used 10501K [0x00000006c7c00000, 0x00000006cd880000, 0x000000076d400000)
  object space 94720K, 11% used [0x00000006c7c00000,0x00000006c86414f8,0x00000006cd880000)
 Metaspace       used 35037K, capacity 35272K, committed 35416K, reserved 1079296K
  class space    used 4857K, capacity 4974K, committed 4992K, reserved 1048576K
Event: 2.515 GC heap after
Heap after GC invocations=6 (full 1):
 PSYoungGen      total 268288K, used 6719K [0x000000076d400000, 0x0000000783700000, 0x00000007c0000000)
  eden space 258048K, 0% used [0x000000076d400000,0x000000076d400000,0x000000077d000000)
  from space 10240K, 65% used [0x000000077d000000,0x000000077d68fdb0,0x000000077da00000)
  to   space 13824K, 0% used [0x0000000782980000,0x0000000782980000,0x0000000783700000)
 ParOldGen       total 94720K, used 10509K [0x00000006c7c00000, 0x00000006cd880000, 0x000000076d400000)
  object space 94720K, 11% used [0x00000006c7c00000,0x00000006c86434f8,0x00000006cd880000)
 Metaspace       used 35037K, capacity 35272K, committed 35416K, reserved 1079296K
  class space    used 4857K, capacity 4974K, committed 4992K, reserved 1048576K
}
Event: 2.515 GC heap before
{Heap before GC invocations=7 (full 2):
 PSYoungGen      total 268288K, used 6719K [0x000000076d400000, 0x0000000783700000, 0x00000007c0000000)
  eden space 258048K, 0% used [0x000000076d400000,0x000000076d400000,0x000000077d000000)
  from space 10240K, 65% used [0x000000077d000000,0x000000077d68fdb0,0x000000077da00000)
  to   space 13824K, 0% used [0x0000000782980000,0x0000000782980000,0x0000000783700000)
 ParOldGen       total 94720K, used 10509K [0x00000006c7c00000, 0x00000006cd880000, 0x000000076d400000)
  object space 94720K, 11% used [0x00000006c7c00000,0x00000006c86434f8,0x00000006cd880000)
 Metaspace       used 35037K, capacity 35272K, committed 35416K, reserved 1079296K
  class space    used 4857K, capacity 4974K, committed 4992K, reserved 1048576K
Event: 2.541 GC heap after
Heap after GC invocations=7 (full 2):
 PSYoungGen      total 268288K, used 0K [0x000000076d400000, 0x0000000783700000, 0x00000007c0000000)
  eden space 258048K, 0% used [0x000000076d400000,0x000000076d400000,0x000000077d000000)
  from space 10240K, 0% used [0x000000077d000000,0x000000077d000000,0x000000077da00000)
  to   space 13824K, 0% used [0x0000000782980000,0x0000000782980000,0x0000000783700000)
 ParOldGen       total 137216K, used 13053K [0x00000006c7c00000, 0x00000006d0200000, 0x000000076d400000)
  object space 137216K, 9% used [0x00000006c7c00000,0x00000006c88bf4e0,0x00000006d0200000)
 Metaspace       used 35037K, capacity 35272K, committed 35416K, reserved 1079296K
  class space    used 4857K, capacity 4974K, committed 4992K, reserved 1048576K
}
Event: 4.274 GC heap before
{Heap before GC invocations=8 (full 2):
 PSYoungGen      total 268288K, used 258048K [0x000000076d400000, 0x0000000783700000, 0x00000007c0000000)
  eden space 258048K, 100% used [0x000000076d400000,0x000000077d000000,0x000000077d000000)
  from space 10240K, 0% used [0x000000077d000000,0x000000077d000000,0x000000077da00000)
  to   space 13824K, 0% used [0x0000000782980000,0x0000000782980000,0x0000000783700000)
 ParOldGen       total 137216K, used 13053K [0x00000006c7c00000, 0x00000006d0200000, 0x000000076d400000)
  object space 137216K, 9% used [0x00000006c7c00000,0x00000006c88bf4e0,0x00000006d0200000)
 Metaspace       used 48179K, capacity 48488K, committed 48984K, reserved 1091584K
  class space    used 6580K, capacity 6710K, committed 6784K, reserved 1048576K
Event: 4.293 GC heap after
Heap after GC invocations=8 (full 2):
 PSYoungGen      total 345600K, used 13820K [0x000000076d400000, 0x0000000787a80000, 0x00000007c0000000)
  eden space 331776K, 0% used [0x000000076d400000,0x000000076d400000,0x0000000781800000)
  from space 13824K, 99% used [0x0000000782980000,0x00000007836ff1a8,0x0000000783700000)
  to   space 17920K, 0% used [0x0000000781800000,0x0000000781800000,0x0000000782980000)
 ParOldGen       total 137216K, used 17129K [0x00000006c7c00000, 0x00000006d0200000, 0x000000076d400000)
  object space 137216K, 12% used [0x00000006c7c00000,0x00000006c8cba488,0x00000006d0200000)
 Metaspace       used 48179K, capacity 48488K, committed 48984K, reserved 1091584K
  class space    used 6580K, capacity 6710K, committed 6784K, reserved 1048576K
}
Event: 7.232 GC heap before
{Heap before GC invocations=9 (full 2):
 PSYoungGen      total 345600K, used 143665K [0x000000076d400000, 0x0000000787a80000, 0x00000007c0000000)
  eden space 331776K, 39% used [0x000000076d400000,0x00000007752cd270,0x0000000781800000)
  from space 13824K, 99% used [0x0000000782980000,0x00000007836ff1a8,0x0000000783700000)
  to   space 17920K, 0% used [0x0000000781800000,0x0000000781800000,0x0000000782980000)
 ParOldGen       total 137216K, used 17129K [0x00000006c7c00000, 0x00000006d0200000, 0x000000076d400000)
  object space 137216K, 12% used [0x00000006c7c00000,0x00000006c8cba488,0x00000006d0200000)
 Metaspace       used 58271K, capacity 58578K, committed 59028K, reserved 1099776K
  class space    used 7964K, capacity 8089K, committed 8192K, reserved 1048576K

